[12:21:32] [ServerMain/INFO]: Environment: Environment[sessionHost=https://sessionserver.mojang.com, servicesHost=https://api.minecraftservices.com, name=PROD]
[12:21:33] [ServerMain/INFO]: Loaded 1290 recipes
[12:21:34] [ServerMain/INFO]: Loaded 1399 advancements
[12:21:34] [Server thread/INFO]: Starting minecraft server version 1.21.1
[12:21:34] [Server thread/INFO]: Loading properties
[12:21:34] [Server thread/INFO]: Default game type: SURVIVAL
[12:21:34] [Server thread/INFO]: Generating keypair
[12:21:34] [Server thread/INFO]: Starting Minecraft server on *:25565
[12:21:34] [Server thread/INFO]: Using epoll channel type
[12:21:34] [Server thread/WARN]: **** SERVER IS RUNNING IN OFFLINE/INSECURE MODE!
[12:21:34] [Server thread/WARN]: The server will make no attempt to authenticate usernames. Beware.
[12:21:34] [Server thread/WARN]: While this makes the game possible to play without internet access, it also opens up the ability for hackers to connect with any username they choose.
[12:21:34] [Server thread/WARN]: To change this, set "online-mode" to "true" in the server.properties file.
[12:21:34] [Server thread/INFO]: Preparing level "yes"
[12:21:38] [Server thread/INFO]: Preparing start region for dimension minecraft:overworld
[12:21:38] [Worker-Main-3/INFO]: Preparing spawn area: 0%
[12:21:38] [Server thread/INFO]: Time elapsed: 452 ms
[12:21:38] [Server thread/INFO]: Done (3.828s)! For help, type "help"
[12:22:31] [Server thread/INFO]: Unknown or incomplete command, see below for error
[12:22:31] [Server thread/INFO]: [B[B[B[B[B[B[B[B[B[B[B[B[B[B[B[B[B[B[B[B[B[B[B[B[B[B[B[B[B[B[B[B[B[B[B[B[B[B[B[B[B[B[B<--[HERE]
[12:22:32] [Server thread/INFO]: Stopping the server
[12:22:32] [Server thread/INFO]: Stopping server
[12:22:32] [Server thread/INFO]: Saving players
[12:22:32] [Server thread/INFO]: Saving worlds
[12:22:32] [Server thread/INFO]: Saving chunks for level 'ServerLevel[yes]'/minecraft:overworld
[12:22:32] [Server thread/INFO]: Saving chunks for level 'ServerLevel[yes]'/minecraft:the_nether
[12:22:32] [Server thread/INFO]: Saving chunks for level 'ServerLevel[yes]'/minecraft:the_end
[12:22:32] [Server thread/INFO]: ThreadedAnvilChunkStorage (yes): All chunks are saved
[12:22:32] [Server thread/INFO]: ThreadedAnvilChunkStorage (DIM-1): All chunks are saved
[12:22:32] [Server thread/INFO]: ThreadedAnvilChunkStorage (DIM1): All chunks are saved
[12:22:32] [Server thread/INFO]: ThreadedAnvilChunkStorage: All dimensions are saved
